make all -f "/Users/kevinalmeida/dev/python-DD/dd/Makefile" --print-data-base --no-builtin-variables --no-builtin-rules --question
# GNU Make 3.81
# Copyright (C) 2006  Free Software Foundation, Inc.
# This is free software; see the source for copying conditions.
# There is NO warranty; not even for MERCHANTABILITY or FITNESS FOR A
# PARTICULAR PURPOSE.

# This program built for i386-apple-darwin11.3.0

# Make data base, printed on Fri Oct 29 13:40:03 2021

# Variables

# automatic
<D = $(patsubst %/,%,$(dir $<))
# environment
NVM_IOJS_ORG_MIRROR = https://iojs.org/dist
# automatic
?F = $(notdir $?)
# environment
ELECTRON_NO_ATTACH_CONSOLE = 1
# environment
VSCODE_LOG_NATIVE = false
# automatic
?D = $(patsubst %/,%,$(dir $?))
# automatic
@D = $(patsubst %/,%,$(dir $@))
# automatic
@F = $(notdir $@)
# makefile
CURDIR := /Users/kevinalmeida/cours/Python-DnD/dd
# makefile
SHELL = /bin/sh
# environment
VSCODE_NLS_CONFIG = {"locale":"fr","availableLanguages":{},"_languagePackSupport":true}
# environment
_ = /usr/bin/make
# makefile
MAKEFILE_LIST := 
# environment
VSCODE_VERBOSE_LOGGING = true
# environment
P9K_SSH = 0
# environment
VSCODE_IPC_HOOK_EXTHOST = /var/folders/v2/1qmrv3910g384n4pd66wz4gr0000gn/T/vscode-ipc-b64da753-0bcd-4540-b0db-64519df33dab.sock
# environment
VSCODE_CWD = /Users/kevinalmeida/cours/Python-DnD/dd
# environment
PATH = /Users/kevinalmeida/opt/miniconda3/bin:/Users/kevinalmeida/opt/miniconda3/condabin:/Users/kevinalmeida/.nvm/versions/node/v14.3.0/bin:/usr/local/opt/libpq/bin:/usr/local/bin:/usr/bin:/bin:/usr/sbin:/sbin
# environment
LSCOLORS = Gxfxcxdxbxegedabagacad
# environment
NVM_BIN = /Users/kevinalmeida/.nvm/versions/node/v14.3.0/bin
# environment
LaunchInstanceID = 2E812569-14DA-4141-A91B-A71B3450F8BB
# environment
VSCODE_LOG_STACK = false
# environment
ELECTRON_RUN_AS_NODE = 1
# default
.FEATURES := target-specific order-only second-expansion else-if archives jobserver check-symlink
# environment
SSH_AUTH_SOCK = /private/tmp/com.apple.launchd.QesKWyNxZd/Listeners
# automatic
%F = $(notdir $%)
# environment
CONDA_EXE = /Users/kevinalmeida/opt/miniconda3/bin/conda
# environment
SQLITE_EXEMPT_PATH_FROM_VNODE_GUARDS = /Users/kevinalmeida/Library/WebKit/Databases
# environment
VSCODE_PIPE_LOGGING = true
# environment
PWD = /Users/kevinalmeida/cours/python-dnd/dd
# environment
ORIGINAL_XDG_CURRENT_DESKTOP = undefined
# environment
MANPATH = /Users/kevinalmeida/.nvm/versions/node/v14.3.0/share/man:/usr/local/opt/libpq/share/man:/usr/local/share/man:/usr/share/man:/Library/Apple/usr/share/man:/Library/Developer/CommandLineTools/SDKs/MacOSX.sdk/usr/share/man:/Library/Developer/CommandLineTools/usr/share/man
# environment
VSCODE_AMD_ENTRYPOINT = vs/workbench/services/extensions/node/extensionHostProcess
# environment
HOME = /Users/kevinalmeida
# default
MAKEFILEPATH = $(shell /usr/bin/xcode-select -print-path 2>/dev/null || echo /Developer)/Makefiles
# environment
VSCODE_CLI = 1
# environment
VSCODE_CODE_CACHE_PATH = /Users/kevinalmeida/Library/Application Support/Code/CachedData/c13f1abb110fc756f9b3a6f16670df9cd9d4cf63
# environment
LOGNAME = kevinalmeida
# environment
APPLICATION_INSIGHTS_NO_DIAGNOSTIC_CHANNEL = true
# environment
CONDA_PROMPT_MODIFIER = (base) 
# environment
NVM_CD_FLAGS = -q
# environment
ZSH = /Users/kevinalmeida/.oh-my-zsh
# environment
VSCODE_HANDLES_UNCAUGHT_ERRORS = true
# automatic
^D = $(patsubst %/,%,$(dir $^))
# environment
CONDA_DEFAULT_ENV = base
# environment
XPC_FLAGS = 0x0
# environment
COLORTERM = truecolor
# default
MAKE = $(MAKE_COMMAND)
# environment
LC_TERMINAL = iTerm2
# environment
SHLVL = 3
# default
MAKE_VERSION := 3.81
# environment
USER = kevinalmeida
# makefile
.DEFAULT_GOAL := 
# default
MAKECMDGOALS := all
# environment
TERM_SESSION_ID = w0t1p0:A90EC033-F4FB-4707-8FB0-A2A247E6A985
# environment
LESS = -R
# automatic
%D = $(patsubst %/,%,$(dir $%))
# environment
CONDA_SHLVL = 1
# default
MAKE_COMMAND := /Library/Developer/CommandLineTools/usr/bin/make
# environment
TERM_PROGRAM = iTerm.app
# default
.VARIABLES := 
# environment
TMPDIR = /var/folders/v2/1qmrv3910g384n4pd66wz4gr0000gn/T/
# automatic
*F = $(notdir $*)
# environment
VSCODE_IPC_HOOK = /Users/kevinalmeida/Library/Application Support/Code/1.61.1-main.sock
# makefile
MAKEFLAGS = Rrp
# environment
MFLAGS = -Rrp
# automatic
*D = $(patsubst %/,%,$(dir $*))
# environment
TERM_PROGRAM_VERSION = 3.4.10
# environment
NVM_DIR = /Users/kevinalmeida/.nvm
# environment
XPC_SERVICE_NAME = 0
# environment
LC_TERMINAL_VERSION = 3.4.10
# automatic
+D = $(patsubst %/,%,$(dir $+))
# automatic
+F = $(notdir $+)
# environment
ITERM_SESSION_ID = w0t1p0:A90EC033-F4FB-4707-8FB0-A2A247E6A985
# environment
COLORFGBG = 7;0
# environment
__CF_USER_TEXT_ENCODING = 0x1F5:0x0:0x1
# environment
COMMAND_MODE = unix2003
# default
MAKEFILES := 
# automatic
<F = $(notdir $<)
# environment
ITERM_PROFILE = Default
# environment
PAGER = less
# environment
LC_ALL = C
# environment
NVM_NODEJS_ORG_MIRROR = https://nodejs.org/dist
# environment
CONDA_PYTHON_EXE = /Users/kevinalmeida/opt/miniconda3/bin/python
# environment
SECURITYSESSIONID = 186a8
# environment
P9K_TTY = old
# automatic
^F = $(notdir $^)
# default
SUFFIXES := 
# environment
_CE_M = 
# default
.INCLUDE_DIRS = /usr/local/include
# environment
MAKELEVEL := 0
# environment
CONDA_PREFIX = /Users/kevinalmeida/opt/miniconda3
# environment
TERM = xterm-256color
# environment
_P9K_TTY = /dev/ttys000
# environment
VSCODE_PID = 1092
# environment
_CE_CONDA = 
# environment
LANG = C
# variable set hash-table stats:
# Load=97/1024=9%, Rehash=0, Collisions=6/116=5%

# Pattern-specific Variable Values

# No pattern-specific variable values.

# Directories


# No files, no impossibilities in 0 directories.

# Implicit Rules

# No implicit rules.

# Files

# Not a target:
/Users/kevinalmeida/dev/python-DD/dd/Makefile:
#  Implicit rule search has been done.
#  File does not exist.
#  File has not been updated.
# variable set hash-table stats:
# Load=0/32=0%, Rehash=0, Collisions=0/0=0%

# Not a target:
all:
#  Command-line target.
#  Implicit rule search has not been done.
#  Modification time never checked.
#  File has not been updated.

# Not a target:
.SUFFIXES:
#  Implicit rule search has not been done.
#  Modification time never checked.
#  File has not been updated.

# Not a target:
.DEFAULT:
#  Implicit rule search has not been done.
#  Modification time never checked.
#  File has not been updated.

# files hash-table stats:
# Load=4/1024=0%, Rehash=0, Collisions=0/16=0%
# VPATH Search Paths

# No `vpath' search paths.

# No general (`VPATH' variable) search path.

# # of strings in strcache: 1
# # of strcache buffers: 1
# strcache size: total = 4096 / max = 4096 / min = 4096 / avg = 4096
# strcache free: total = 4050 / max = 4050 / min = 4050 / avg = 4050

# Finished Make data base on Fri Oct 29 13:40:03 2021

 
make: /Users/kevinalmeida/dev/python-DD/dd/Makefile: No such file or directory
make: *** No rule to make target `/Users/kevinalmeida/dev/python-DD/dd/Makefile'.  Stop.
 
